{"level":"info","message":"[INFO] Set up confirm_request route...","timestamp":"2024-09-22T15:58:44.143Z"}
{"level":"info","message":"[INFO] Set up send_data route...","timestamp":"2024-09-22T15:58:44.145Z"}
{"level":"info","message":"[INFO] Trying to connect on db on port : ","timestamp":"2024-09-22T15:58:44.146Z"}
{"level":"info","message":"[INFO] Server running on http://localhost:3001","timestamp":"2024-09-22T15:58:44.160Z"}
{"level":"info","message":"[INFO] Postgres connected on port","timestamp":"2024-09-22T15:58:44.173Z"}
{"level":"info","message":"[INFO] Set up confirm_request route...","timestamp":"2024-09-22T16:00:50.910Z"}
{"level":"info","message":"[INFO] Set up send_data route...","timestamp":"2024-09-22T16:00:50.913Z"}
{"level":"info","message":"[INFO] Trying to connect on db on port : ","timestamp":"2024-09-22T16:00:50.914Z"}
{"level":"info","message":"[INFO] Server running on http://localhost:3001","timestamp":"2024-09-22T16:00:50.930Z"}
{"level":"info","message":"[INFO] Postgres connected on port","timestamp":"2024-09-22T16:00:50.948Z"}
{"level":"info","message":"[INFO] Set up confirm_request route...","timestamp":"2024-09-22T14:09:03.045Z"}
{"level":"info","message":"[INFO] Set up send_data route...","timestamp":"2024-09-22T14:09:03.048Z"}
{"level":"info","message":"[INFO] Trying to connect on db on port : ","timestamp":"2024-09-22T14:09:03.048Z"}
{"level":"info","message":"[INFO] Server running on http://localhost:3001","timestamp":"2024-09-22T14:09:03.059Z"}
{"level":"info","message":"[INFO] Postgres connected on port","timestamp":"2024-09-22T14:09:03.086Z"}
{"level":"info","message":"[INFO] Set up confirm_request route...","timestamp":"2024-09-23T08:43:13.477Z"}
{"level":"info","message":"[INFO] Set up send_data route...","timestamp":"2024-09-23T08:43:13.479Z"}
{"level":"info","message":"[INFO] Trying to connect on db on port : ","timestamp":"2024-09-23T08:43:13.480Z"}
{"level":"info","message":"[INFO] Server running on http://localhost:3001","timestamp":"2024-09-23T08:43:13.487Z"}
{"level":"info","message":"[INFO] Postgres connected on port","timestamp":"2024-09-23T08:43:13.512Z"}
{"level":"info","message":"[INFO] Set up confirm_request route...","timestamp":"2024-09-23T12:37:39.790Z"}
{"level":"info","message":"[INFO] Set up send_data route...","timestamp":"2024-09-23T12:37:39.793Z"}
{"level":"info","message":"[INFO] Trying to connect on db on port : ","timestamp":"2024-09-23T12:37:39.793Z"}
{"level":"info","message":"[INFO] Server running on http://localhost:3001","timestamp":"2024-09-23T12:37:39.807Z"}
{"level":"info","message":"[INFO] Postgres connected on port","timestamp":"2024-09-23T12:37:39.839Z"}
{"level":"info","message":"[INFO] Set up confirm_request route...","timestamp":"2024-09-23T16:07:50.166Z"}
{"level":"info","message":"[INFO] Set up send_data route...","timestamp":"2024-09-23T16:07:50.169Z"}
{"level":"info","message":"[INFO] Trying to connect on db on port : ","timestamp":"2024-09-23T16:07:50.170Z"}
{"level":"info","message":"[INFO] Server running on http://localhost:3001","timestamp":"2024-09-23T16:07:50.183Z"}
{"level":"info","message":"[INFO] Postgres connected on port","timestamp":"2024-09-23T16:07:50.201Z"}
{"level":"info","message":"[INFO] Set up confirm_request route...","timestamp":"2024-09-23T16:08:25.146Z"}
{"level":"info","message":"[INFO] Set up send_data route...","timestamp":"2024-09-23T16:08:25.149Z"}
{"level":"info","message":"[INFO] Trying to connect on db on port : ","timestamp":"2024-09-23T16:08:25.149Z"}
{"level":"info","message":"[INFO] Server running on http://localhost:3001","timestamp":"2024-09-23T16:08:25.161Z"}
{"level":"info","message":"[INFO] Postgres connected on port","timestamp":"2024-09-23T16:08:25.185Z"}
{"level":"info","message":"[INFO] Set up confirm_request route...","timestamp":"2024-09-23T16:09:08.071Z"}
{"level":"info","message":"[INFO] Set up send_data route...","timestamp":"2024-09-23T16:09:08.073Z"}
{"level":"info","message":"[INFO] Trying to connect on db on port : ","timestamp":"2024-09-23T16:09:08.074Z"}
{"level":"info","message":"[INFO] Server running on http://localhost:3001","timestamp":"2024-09-23T16:09:08.087Z"}
{"level":"info","message":"[INFO] Postgres connected on port","timestamp":"2024-09-23T16:09:08.102Z"}
{"level":"info","message":"[INFO] Set up send_data route...","timestamp":"2024-09-27T17:36:50.459Z"}
{"level":"info","message":"[INFO] Trying to connect on db on port : ","timestamp":"2024-09-27T17:36:50.462Z"}
{"level":"info","message":"[INFO] Server running on http://localhost:3001","timestamp":"2024-09-27T17:36:50.475Z"}
{"level":"info","message":"[INFO] Postgres connected on port","timestamp":"2024-09-27T17:36:50.500Z"}
